<?xml version="1.0" encoding="UTF-8"?>
<!-- Generated by org.testng.reporters.JUnitReportReporter -->
<testsuite hostname="Utkarsh-PC" failures="0" tests="1" name="com.nans.devops.jenkins.SeleniumTest" time="10.072" errors="0" timestamp="2022-03-07T14:05:08 EET" skipped="0">
  <testcase classname="com.nans.devops.jenkins.SeleniumTest" name="YoutubeSearch" time="10.072"/>
  <system-out/>
</testsuite> <!-- com.nans.devops.jenkins.SeleniumTest -->
